Построение начато 25.12.2020 17:59:52.
     1>Проект "C:\Users\User\Desktop\mash_ready\2nd_MG\2nd_MG.vcxproj" в узле 2 (целевые объекты build).
     1>InitializeBuildStatus:
         Создание "Release\mash.unsuccessfulbuild", так как было задано "AlwaysCreate".
       ClCompile:
         C:\Program Files\Microsoft Visual Studio 10.0\VC\bin\CL.exe /c /Zi /nologo /W3 /WX- /O2 /Oi /Oy- /GL /D WIN32 /D NDEBUG /D _CONSOLE /D _UNICODE /D UNICODE /Gm- /EHsc /MD /GS /Gy /fp:precise /Zc:wchar_t /Zc:forScope /Fo"Release\\" /Fd"Release\vc100.pdb" /Gd /TP /analyze- /errorReport:prompt Solve.cpp
         Solve.cpp
       Link:
         C:\Program Files\Microsoft Visual Studio 10.0\VC\bin\link.exe /ERRORREPORT:PROMPT /OUT:"C:\Users\User\Desktop\mash_ready\Release\mash.exe" /INCREMENTAL:NO /NOLOGO kernel32.lib user32.lib gdi32.lib winspool.lib comdlg32.lib advapi32.lib shell32.lib ole32.lib oleaut32.lib uuid.lib odbc32.lib odbccp32.lib /MANIFEST /ManifestFile:"Release\mash.exe.intermediate.manifest" /MANIFESTUAC:"level='asInvoker' uiAccess='false'" /DEBUG /PDB:"C:\Users\User\Desktop\mash_ready\Release\mash.pdb" /SUBSYSTEM:CONSOLE /OPT:REF /OPT:ICF /LTCG /TLBID:1 /DYNAMICBASE /NXCOMPAT /IMPLIB:"C:\Users\User\Desktop\mash_ready\Release\mash.lib" /MACHINE:X86 Release\Solve.obj
         Создание кода
         Создание кода завершено
         2nd_MG.vcxproj -> C:\Users\User\Desktop\mash_ready\Release\mash.exe
       Manifest:
         C:\Program Files\Microsoft SDKs\Windows\v7.0A\bin\mt.exe /nologo /verbose /outputresource:"C:\Users\User\Desktop\mash_ready\Release\mash.exe;#1" /manifest Release\mash.exe.intermediate.manifest
       FinalizeBuildStatus:
         Файл "Release\mash.unsuccessfulbuild" удаляется.
         Обращение к "Release\mash.lastbuildstate".
     1>Построение проекта "C:\Users\User\Desktop\mash_ready\2nd_MG\2nd_MG.vcxproj" завершено (целевые объекты build).

Построение успешно завершено.

Затраченное время: 00:00:02.29
